lib_support/build/intermediates/manifest_merge_blame_file/debug/manifest-merger-blame-debug-report.txt
1<?xml version="1.0" encoding="utf-8"?>
2<manifest xmlns:android="http://schemas.android.com/apk/res/android"
3    package="org.tensorflow.lite.examples.classification.lib_support" >
4
5    <uses-sdk android:minSdkVersion="26" />
5-->src\main\AndroidManifest.xml
6
7    <uses-permission android:name="android.permission.POST_NOTIFICATIONS" />
7-->src\main\AndroidManifest.xml:3:5-77
7-->src\main\AndroidManifest.xml:3:22-74
8
9</manifest>